INFO:pygls.server:Starting TCP server on 127.0.0.1:2087
DEBUG:pygls.protocol:Received b'Content-Length: 4788\r\n\r\n{"jsonrpc":"2.0","id":0,"method":"initialize","params":{"processId":198392,"clientInfo":{"name":"Visual Studio Code","version":"1.66.2"},"locale":"en-gb","rootPath":"/home/manjunath/Desktop/Competitive Programming/SE_Final_Lab","rootUri":"file:///home/manjunath/Desktop/Competitive%20Programming/SE_Final_Lab","capabilities":{"workspace":{"applyEdit":true,"workspaceEdit":{"documentChanges":true,"resourceOperations":["create","rename","delete"],"failureHandling":"textOnlyTransactional","normalizesLineEndings":true,"changeAnnotationSupport":{"groupsOnLabel":true}},"didChangeConfiguration":{"dynamicRegistration":true},"didChangeWatchedFiles":{"dynamicRegistration":true},"symbol":{"dynamicRegistration":true,"symbolKind":{"valueSet":[1,2,3,4,5,6,7,8,9,10,11,12,13,14,15,16,17,18,19,20,21,22,23,24,25,26]},"tagSupport":{"valueSet":[1]}},"codeLens":{"refreshSupport":true},"executeCommand":{"dynamicRegistration":true},"configuration":true,"workspaceFolders":true,"semanticTokens":{"refreshSupport":true},"fileOperations":{"dynamicRegistration":true,"didCreate":true,"didRename":true,"didDelete":true,"willCreate":true,"willRename":true,"willDelete":true}},"textDocument":{"publishDiagnostics":{"relatedInformation":true,"versionSupport":false,"tagSupport":{"valueSet":[1,2]},"codeDescriptionSupport":true,"dataSupport":true},"synchronization":{"dynamicRegistration":true,"willSave":true,"willSaveWaitUntil":true,"didSave":true},"completion":{"dynamicRegistration":true,"contextSupport":true,"completionItem":{"snippetSupport":true,"commitCharactersSupport":true,"documentationFormat":["markdown","plaintext"],"deprecatedSupport":true,"preselectSupport":true,"tagSupport":{"valueSet":[1]},"insertReplaceSupport":true,"resolveSupport":{"properties":["documentation","detail","additionalTextEdits"]},"insertTextModeSupport":{"valueSet":[1,2]}},"completionItemKind":{"valueSet":[1,2,3,4,5,6,7,8,9,10,11,12,13,14,15,16,17,18,19,20,21,22,23,24,25]}},"hover":{"dynamicRegistration":true,"contentFormat":["markdown","plaintext"]},"signatureHelp":{"dynamicRegistration":true,"signatureInformation":{"documentationFormat":["markdown","plaintext"],"parameterInformation":{"labelOffsetSupport":true},"activeParameterSupport":true},"contextSupport":true},"definition":{"dynamicRegistration":true,"linkSupport":true},"references":{"dynamicRegistration":true},"documentHighlight":{"dynamicRegistration":true},"documentSymbol":{"dynamicRegistration":true,"symbolKind":{"valueSet":[1,2,3,4,5,6,7,8,9,10,11,12,13,14,15,16,17,18,19,20,21,22,23,24,25,26]},"hierarchicalDocumentSymbolSupport":true,"tagSupport":{"valueSet":[1]},"labelSupport":true},"codeAction":{"dynamicRegistration":true,"isPreferredSupport":true,"disabledSupport":true,"dataSupport":true,"resolveSupport":{"properties":["edit"]},"codeActionLiteralSupport":{"codeActionKind":{"valueSet":["","quickfix","refactor","refactor.extract","refactor.inline","refactor.rewrite","source","source.organizeImports"]}},"honorsChangeAnnotations":false},"codeLens":{"dynamicRegistration":true},"formatting":{"dynamicRegistration":true},"rangeFormatting":{"dynamicRegistration":true},"onTypeFormatting":{"dynamicRegistration":true},"rename":{"dynamicRegistration":true,"prepareSupport":true,"prepareSupportDefaultBehavior":1,"honorsChangeAnnotations":true},"documentLink":{"dynamicRegistration":true,"tooltipSupport":true},"typeDefinition":{"dynamicRegistration":true,"linkSupport":true},"implementation":{"dynamicRegistration":true,"linkSupport":true},"colorProvider":{"dynamicRegistration":true},"foldingRange":{"dynamicRegistration":true,"rangeLimit":5000,"lineFoldingOnly":true},"declaration":{"dynamicRegistration":true,"linkSupport":true},"selectionRange":{"dynamicRegistration":true},"callHierarchy":{"dynamicRegistration":true},"semanticTokens":{"dynamicRegistration":true,"tokenTypes":["namespace","type","class","enum","interface","struct","typeParameter","parameter","variable","property","enumMember","event","function","method","macro","keyword","modifier","comment","string","number","regexp","operator"],"tokenModifiers":["declaration","definition","readonly","static","deprecated","abstract","async","modification","documentation","defaultLibrary"],"formats":["relative"],"requests":{"range":true,"full":{"delta":true}},"multilineTokenSupport":false,"overlappingTokenSupport":false},"linkedEditingRange":{"dynamicRegistration":true}},"window":{"showMessage":{"messageActionItem":{"additionalPropertiesSupport":true}},"showDocument":{"support":true},"workDoneProgress":true},"general":{"regularExpressions":{"engine":"ECMAScript","version":"ES2020"},"markdown":{"parser":"marked","version":"1.1.0"}}},"trace":"off","workspaceFolders":[{"uri":"file:///home/manjunath/Desktop/Competitive%20Programming/SE_Final_Lab","name":"SE_Final_Lab"}]}}'
DEBUG:pygls.protocol:Request message received.
INFO:pygls.protocol:Language server initialized work_done_token=None process_id=198392 root_uri='file:///home/manjunath/Desktop/Competitive%20Programming/SE_Final_Lab' capabilities=ClientCapabilities(workspace=WorkspaceClientCapabilities(apply_edit=True, workspace_edit=WorkspaceEditClientCapabilities(document_changes=True, resource_operations=[<ResourceOperationKind.Create: 'create'>, <ResourceOperationKind.Rename: 'rename'>, <ResourceOperationKind.Delete: 'delete'>], failure_handling=<FailureHandlingKind.TextOnlyTransactional: 'textOnlyTransactional'>, normalizes_line_endings=True, change_annotation_support=ChangeAnnotationSupport(groups_on_label=True)), did_change_configuration=DidChangeConfigurationClientCapabilities(dynamic_registration=True), did_change_watched_files=DidChangeWatchedFilesClientCapabilities(dynamic_registration=True), symbol=WorkspaceSymbolClientCapabilities(dynamic_registration=True, symbol_kind=WorkspaceCapabilitiesSymbolKind(value_set=[<SymbolKind.File: 1>, <SymbolKind.Module: 2>, <SymbolKind.Namespace: 3>, <SymbolKind.Package: 4>, <SymbolKind.Class: 5>, <SymbolKind.Method: 6>, <SymbolKind.Property: 7>, <SymbolKind.Field: 8>, <SymbolKind.Constructor: 9>, <SymbolKind.Enum: 10>, <SymbolKind.Interface: 11>, <SymbolKind.Function: 12>, <SymbolKind.Variable: 13>, <SymbolKind.Constant: 14>, <SymbolKind.String: 15>, <SymbolKind.Number: 16>, <SymbolKind.Boolean: 17>, <SymbolKind.Array: 18>, <SymbolKind.Object: 19>, <SymbolKind.Key: 20>, <SymbolKind.Null: 21>, <SymbolKind.EnumMember: 22>, <SymbolKind.Struct: 23>, <SymbolKind.Event: 24>, <SymbolKind.Operator: 25>, <SymbolKind.TypeParameter: 26>]), tag_support=WorkspaceCapabilitiesTagSupport(value_set=[<SymbolKind.File: 1>])), execute_command=ExecuteCommandClientCapabilities(dynamic_registration=True), workspace_folders=True, configuration=True, semantic_tokens=SemanticTokensWorkspaceClientCapabilities(refresh_support=True), code_lens=CodeLensWorkspaceClientCapabilities(refresh_support=True), file_operations=FileOperationsClientCapabilities(dynamic_registration=True, did_create=True, will_create=True, did_rename=True, will_rename=True, did_delete=True, will_delete=True)), text_document=TextDocumentClientCapabilities(synchronization=TextDocumentSyncClientCapabilities(dynamic_registration=True, will_save=True, will_save_wait_until=True, did_save=True), completion=CompletionClientCapabilities(dynamic_registration=True, completion_item=CompletionItemClientCapabilities(snippet_support=True, commit_characters_support=True, documentation_format=[<MarkupKind.Markdown: 'markdown'>, <MarkupKind.PlainText: 'plaintext'>], deprecated_support=True, preselect_support=True, tag_support=CompletionTagSupportClientCapabilities(value_set=[<CompletionItemTag.Deprecated: 1>]), insert_replace_support=True, resolve_support=ResolveSupportClientCapabilities(properties=['documentation', 'detail', 'additionalTextEdits']), insert_text_mode_support=InsertTextModeSupportClientCapabilities(value_set=[<InsertTextMode.AsIs: 1>, <InsertTextMode.AdjustIndentation: 2>])), completion_item_kind=CompletionItemKindClientCapabilities(value_set=[<CompletionItemKind.Text: 1>, <CompletionItemKind.Method: 2>, <CompletionItemKind.Function: 3>, <CompletionItemKind.Constructor: 4>, <CompletionItemKind.Field: 5>, <CompletionItemKind.Variable: 6>, <CompletionItemKind.Class: 7>, <CompletionItemKind.Interface: 8>, <CompletionItemKind.Module: 9>, <CompletionItemKind.Property: 10>, <CompletionItemKind.Unit: 11>, <CompletionItemKind.Value: 12>, <CompletionItemKind.Enum: 13>, <CompletionItemKind.Keyword: 14>, <CompletionItemKind.Snippet: 15>, <CompletionItemKind.Color: 16>, <CompletionItemKind.File: 17>, <CompletionItemKind.Reference: 18>, <CompletionItemKind.Folder: 19>, <CompletionItemKind.EnumMember: 20>, <CompletionItemKind.Constant: 21>, <CompletionItemKind.Struct: 22>, <CompletionItemKind.Event: 23>, <CompletionItemKind.Operator: 24>, <CompletionItemKind.TypeParameter: 25>]), context_support=True), hover=HoverClientCapabilities(dynamic_registration=True, content_format=[<MarkupKind.Markdown: 'markdown'>, <MarkupKind.PlainText: 'plaintext'>]), signature_help=SignatureHelpClientCapabilities(dynamic_registration=True, signature_information=SignatureHelpInformationClientCapabilities(documentation_format=[<MarkupKind.Markdown: 'markdown'>, <MarkupKind.PlainText: 'plaintext'>], parameter_information=SignatureHelpInformationParameterInformationClientCapabilities(label_offset_support=True), active_parameter_support=True), context_support=True), declaration=DeclarationClientCapabilities(dynamic_registration=True, link_support=True), definition=DefinitionClientCapabilities(dynamic_registration=True, link_support=True), type_definition=TypeDefinitionClientCapabilities(dynamic_registration=True, link_support=True), implementation=ImplementationClientCapabilities(dynamic_registration=True, link_support=True), references=ReferenceClientCapabilities(dynamic_registration=True), document_highlight=DocumentHighlightClientCapabilities(dynamic_registration=True), document_symbol=DocumentSymbolClientCapabilities(dynamic_registration=True, symbol_kind=WorkspaceCapabilitiesSymbolKind(value_set=[<SymbolKind.File: 1>, <SymbolKind.Module: 2>, <SymbolKind.Namespace: 3>, <SymbolKind.Package: 4>, <SymbolKind.Class: 5>, <SymbolKind.Method: 6>, <SymbolKind.Property: 7>, <SymbolKind.Field: 8>, <SymbolKind.Constructor: 9>, <SymbolKind.Enum: 10>, <SymbolKind.Interface: 11>, <SymbolKind.Function: 12>, <SymbolKind.Variable: 13>, <SymbolKind.Constant: 14>, <SymbolKind.String: 15>, <SymbolKind.Number: 16>, <SymbolKind.Boolean: 17>, <SymbolKind.Array: 18>, <SymbolKind.Object: 19>, <SymbolKind.Key: 20>, <SymbolKind.Null: 21>, <SymbolKind.EnumMember: 22>, <SymbolKind.Struct: 23>, <SymbolKind.Event: 24>, <SymbolKind.Operator: 25>, <SymbolKind.TypeParameter: 26>]), hierarchical_document_symbol_support=True, tag_support=WorkspaceCapabilitiesTagSupport(value_set=[<SymbolKind.File: 1>]), label_support=True), code_action=CodeActionClientCapabilities(dynamic_registration=True, code_action_literal_support=CodeActionLiteralSupportClientCapabilities(code_action_kind=CodeActionLiteralSupportActionKindClientCapabilities(value_set=['', 'quickfix', 'refactor', 'refactor.extract', 'refactor.inline', 'refactor.rewrite', 'source', 'source.organizeImports'])), is_preferred_support=True, disabled_support=True, data_support=True, resolve_support=ResolveSupportClientCapabilities(properties=['edit']), honors_change_annotations=False), code_lens=CodeLensClientCapabilities(dynamic_registration=True), document_link=DocumentLinkClientCapabilities(dynamic_registration=True, tooltip_support=True), color_provider=DocumentColorClientCapabilities(dynamic_registration=True), formatting=DocumentFormattingClientCapabilities(dynamic_registration=True), range_formatting=DocumentRangeFormattingClientCapabilities(dynamic_registration=True), on_type_formatting=DocumentOnTypeFormattingClientCapabilities(dynamic_registration=True), rename=RenameClientCapabilities(dynamic_registration=True, prepare_support=True, prepare_support_default_behavior=<PrepareSupportDefaultBehavior.Identifier: 1>, honors_change_annotations=True), publish_diagnostics=PublishDiagnosticsClientCapabilities(related_information=True, tag_support=PublishDiagnosticsTagSupportClientCapabilities(value_set=[<DiagnosticTag.Unnecessary: 1>, <DiagnosticTag.Deprecated: 2>]), version_support=False, code_description_support=True, data_support=True), folding_range=FoldingRangeClientCapabilities(dynamic_registration=True, range_limit=5000, line_folding_only=True), selection_range=SelectionRangeClientCapabilities(dynamic_registration=True), linked_editing_range=LinkedEditingRangeClientCapabilities(dynamic_registration=True), call_hierarchy=CallHierarchyClientCapabilities(dynamic_registration=True), semantic_tokens=SemanticTokensClientCapabilities(requests=SemanticTokensRequests(range=True, full=SemanticTokensRequestsFull(delta=True)), token_types=['namespace', 'type', 'class', 'enum', 'interface', 'struct', 'typeParameter', 'parameter', 'variable', 'property', 'enumMember', 'event', 'function', 'method', 'macro', 'keyword', 'modifier', 'comment', 'string', 'number', 'regexp', 'operator'], token_modifiers=['declaration', 'definition', 'readonly', 'static', 'deprecated', 'abstract', 'async', 'modification', 'documentation', 'defaultLibrary'], formats=[<TokenFormat.Relative: 'relative'>], overlapping_token_support=False, multiline_token_support=False, dynamic_registration=True), moniker=None), window=WindowClientCapabilities(work_done_progress=True, show_message=ShowMessageRequestClientCapabilities(message_action_item=ShowMessageRequestActionItem(additional_properties_support=True)), show_document=ShowDocumentClientCapabilities(support=True)), general=GeneralClientCapabilities(regular_expressions=RegularExpressionsClientCapabilities(engine='ECMAScript', version='ES2020'), markdown=MarkdownClientCapabilities(parser='marked', version='1.1.0')), experimental=None) client_info=ClientInfo(name='Visual Studio Code', version='1.66.2') locale='en-gb' root_path='/home/manjunath/Desktop/Competitive Programming/SE_Final_Lab' initialization_options=None trace=<Trace.Off: 'off'> workspace_folders=[WorkspaceFolder(uri='file:///home/manjunath/Desktop/Competitive%20Programming/SE_Final_Lab', name='SE_Final_Lab')]
DEBUG:pygls.protocol:Server capabilities: {'text_document_sync': {'open_close': True, 'change': <TextDocumentSyncKind.INCREMENTAL: 2>, 'will_save': False, 'will_save_wait_until': False, 'save': False}, 'completion_provider': None, 'hover_provider': None, 'signature_help_provider': None, 'declaration_provider': None, 'definition_provider': None, 'type_definition_provider': None, 'implementation_provider': None, 'references_provider': None, 'document_highlight_provider': None, 'document_symbol_provider': None, 'code_action_provider': None, 'code_lens_provider': None, 'document_link_provider': None, 'color_provider': None, 'document_formatting_provider': None, 'document_range_formatting_provider': None, 'document_on_type_formatting_provider': None, 'rename_provider': None, 'folding_range_provider': None, 'execute_command_provider': {'work_done_progress': None, 'commands': ['ACS-python.getSearchResults', 'ACS-python.fetchSummary']}, 'selection_range_provider': None, 'linked_editing_range_provider': None, 'call_hierarchy_provider': None, 'semantic_tokens_provider': None, 'moniker_provider': None, 'workspace_symbol_provider': None, 'workspace': {'workspace_folders': {'supported': True, 'change_notifications': True}, 'file_operations': {'did_create': None, 'will_create': None, 'did_rename': None, 'will_rename': None, 'did_delete': None, 'will_delete': None}}, 'experimental': None}
INFO:pygls.protocol:Sending data: {"jsonrpc": "2.0", "id": 0, "result": {"capabilities": {"textDocumentSync": {"openClose": true, "change": 2, "willSave": false, "willSaveWaitUntil": false, "save": false}, "executeCommandProvider": {"commands": ["ACS-python.getSearchResults", "ACS-python.fetchSummary"]}, "workspace": {"workspaceFolders": {"supported": true, "changeNotifications": true}, "fileOperations": {}}}}}
DEBUG:pygls.protocol:Received b'Content-Length: 52\r\n\r\n'
DEBUG:pygls.protocol:Received b'{"jsonrpc":"2.0","method":"initialized","params":{}}'
DEBUG:pygls.protocol:Notification message received.
DEBUG:pygls.protocol:Received b'Content-Length: 541\r\n\r\n{"jsonrpc":"2.0","method":"textDocument/didOpen","params":{"textDocument":{"uri":"file:///home/manjunath/Desktop/Competitive%20Programming/SE_Final_Lab/main.py","languageId":"python","version":1,"text":"import index\\n\\n\\"\\"\\"$\\nFind the first element of arr1 in arr2\\n$\\"\\"\\"\\ndef findEqualElement(arr1, arr2):\\n    for x in arr1:\\n        if index.Search(x, arr2):\\n            return x\\n    return -1\\n\\n\\"\\"\\"$\\nFind a value in an array\\n$\\"\\"\\"\\ndef search(arr, query):\\n    if( query in arr ):\\n        return 1\\n    return -1\\n    "}}}'
DEBUG:pygls.protocol:Notification message received.
DEBUG:pygls.protocol:Received b'Content-Length: 299\r\n\r\n'
DEBUG:pygls.protocol:Received b'{"jsonrpc":"2.0","method":"textDocument/didChange","params":{"textDocument":{"uri":"file:///home/manjunath/Desktop/Competitive%20Programming/SE_Final_Lab/main.py","version":2},"contentChanges":[{"range":{"start":{"line":2,"character":0},"end":{"line":4,"character":4}},"rangeLength":48,"text":""}]}}'
DEBUG:pygls.protocol:Notification message received.
DEBUG:pygls.protocol:Received b'Content-Length: 298\r\n\r\n{"jsonrpc":"2.0","method":"textDocument/didChange","params":{"textDocument":{"uri":"file:///home/manjunath/Desktop/Competitive%20Programming/SE_Final_Lab/main.py","version":3},"contentChanges":[{"range":{"start":{"line":1,"character":0},"end":{"line":2,"character":0}},"rangeLength":1,"text":""}]}}'
DEBUG:pygls.protocol:Notification message received.
DEBUG:pygls.protocol:Received b'Content-Length: 249\r\n\r\n'
DEBUG:pygls.protocol:Received b'{"jsonrpc":"2.0","id":1,"method":"workspace/executeCommand","params":{"command":"ACS-python.fetchSummary","arguments":["def findEqualElement(arr1, arr2):\\n    for x in arr1:\\n        if index.Search(x, arr2):\\n            return x\\n    return -1"]}}'
DEBUG:pygls.protocol:Request message received.
DEBUG:urllib3.connectionpool:Starting new HTTP connection (1): ec2-35-154-160-245.ap-south-1.compute.amazonaws.com:3000
DEBUG:urllib3.connectionpool:http://ec2-35-154-160-245.ap-south-1.compute.amazonaws.com:3000 "POST /summary HTTP/1.1" 200 54
INFO:pygls.protocol:Sending data: {"jsonrpc": "2.0", "id": 1, "result": "Find the first element of arr1 in arr2 ."}
DEBUG:pygls.protocol:Received b'Content-Length: 358\r\n\r\n'
DEBUG:pygls.protocol:Received b'{"jsonrpc":"2.0","method":"textDocument/didChange","params":{"textDocument":{"uri":"file:///home/manjunath/Desktop/Competitive%20Programming/SE_Final_Lab/main.py","version":4},"contentChanges":[{"range":{"start":{"line":2,"character":0},"end":{"line":2,"character":0}},"rangeLength":0,"text":"\\"\\"\\"$\\nFind the first element of arr1 in arr2 .\\n$\\"\\"\\"\\n"}]}}'
DEBUG:pygls.protocol:Notification message received.
DEBUG:pygls.protocol:Received b'Content-Length: 376\r\n\r\n'
DEBUG:pygls.protocol:Received b'{"jsonrpc":"2.0","method":"textDocument/didOpen","params":{"textDocument":{"uri":"file:///home/manjunath/Desktop/Competitive%20Programming/SE_Final_Lab/index.py","languageId":"python","version":1,"text":"\\"\\"\\"$\\nhello!\\n$\\"\\"\\"\\ndef helloWorld():\\n    print(\\"hello world!\\")\\n\\n\\n\\"\\"\\"$\\nSearch an item in an array .\\n$\\"\\"\\"\\ndef Search(n, arr):\\n    return n in arr\\n"}}}'
DEBUG:pygls.protocol:Notification message received.
DEBUG:pygls.protocol:Received b'Content-Length: 354\r\n\r\n'
DEBUG:pygls.protocol:Received b'{"jsonrpc":"2.0","id":2,"method":"workspace/executeCommand","params":{"command":"ACS-python.getSearchResults","arguments":["/home/manjunath/.config/Code/User/globalStorage/undefined_publisher.acspython",["findEqualElement","Find the first element of arr1 in arr2 .","Search","Search an item in an array .","search","Find a value in an array"],"search"]}}'
DEBUG:pygls.protocol:Request message received.
DEBUG:urllib3.connectionpool:Starting new HTTP connection (1): ec2-35-154-160-245.ap-south-1.compute.amazonaws.com:3000
DEBUG:urllib3.connectionpool:http://ec2-35-154-160-245.ap-south-1.compute.amazonaws.com:3000 "POST /search HTTP/1.1" 200 31
DEBUG:urllib3.connectionpool:Starting new HTTP connection (1): ec2-35-154-160-245.ap-south-1.compute.amazonaws.com:3000
DEBUG:urllib3.connectionpool:http://ec2-35-154-160-245.ap-south-1.compute.amazonaws.com:3000 "POST /search HTTP/1.1" 200 29
DEBUG:urllib3.connectionpool:Starting new HTTP connection (1): ec2-35-154-160-245.ap-south-1.compute.amazonaws.com:3000
DEBUG:urllib3.connectionpool:http://ec2-35-154-160-245.ap-south-1.compute.amazonaws.com:3000 "POST /search HTTP/1.1" 200 31
INFO:pygls.protocol:Sending data: {"jsonrpc": "2.0", "id": 2, "result": ["Search", "Search an item in an array .", "search", "Find a value in an array"]}
DEBUG:pygls.protocol:Received b'Content-Length: 352\r\n\r\n'
DEBUG:pygls.protocol:Received b'{"jsonrpc":"2.0","id":3,"method":"workspace/executeCommand","params":{"command":"ACS-python.getSearchResults","arguments":["/home/manjunath/.config/Code/User/globalStorage/undefined_publisher.acspython",["findEqualElement","Find the first element of arr1 in arr2 .","Search","Search an item in an array .","search","Find a value in an array"],"find"]}}'
DEBUG:pygls.protocol:Request message received.
DEBUG:urllib3.connectionpool:Starting new HTTP connection (1): ec2-35-154-160-245.ap-south-1.compute.amazonaws.com:3000
DEBUG:urllib3.connectionpool:http://ec2-35-154-160-245.ap-south-1.compute.amazonaws.com:3000 "POST /search HTTP/1.1" 200 29
DEBUG:urllib3.connectionpool:Starting new HTTP connection (1): ec2-35-154-160-245.ap-south-1.compute.amazonaws.com:3000
DEBUG:urllib3.connectionpool:http://ec2-35-154-160-245.ap-south-1.compute.amazonaws.com:3000 "POST /search HTTP/1.1" 200 30
DEBUG:urllib3.connectionpool:Starting new HTTP connection (1): ec2-35-154-160-245.ap-south-1.compute.amazonaws.com:3000
DEBUG:urllib3.connectionpool:http://ec2-35-154-160-245.ap-south-1.compute.amazonaws.com:3000 "POST /search HTTP/1.1" 200 30
INFO:pygls.protocol:Sending data: {"jsonrpc": "2.0", "id": 3, "result": ["search", "Find a value in an array", "Search", "Search an item in an array .", "findEqualElement", "Find the first element of arr1 in arr2 ."]}
DEBUG:pygls.protocol:Received b'Content-Length: 299\r\n\r\n'
DEBUG:pygls.protocol:Received b'{"jsonrpc":"2.0","method":"textDocument/didChange","params":{"textDocument":{"uri":"file:///home/manjunath/Desktop/Competitive%20Programming/SE_Final_Lab/main.py","version":5},"contentChanges":[{"range":{"start":{"line":2,"character":1},"end":{"line":4,"character":4}},"rangeLength":49,"text":""}]}}'
DEBUG:pygls.protocol:Notification message received.
DEBUG:pygls.protocol:Received b'Content-Length: 298\r\n\r\n'
DEBUG:pygls.protocol:Received b'{"jsonrpc":"2.0","method":"textDocument/didChange","params":{"textDocument":{"uri":"file:///home/manjunath/Desktop/Competitive%20Programming/SE_Final_Lab/main.py","version":6},"contentChanges":[{"range":{"start":{"line":2,"character":0},"end":{"line":2,"character":1}},"rangeLength":1,"text":""}]}}'
DEBUG:pygls.protocol:Notification message received.
DEBUG:pygls.protocol:Received b'Content-Length: 298\r\n\r\n'
DEBUG:pygls.protocol:Received b'{"jsonrpc":"2.0","method":"textDocument/didChange","params":{"textDocument":{"uri":"file:///home/manjunath/Desktop/Competitive%20Programming/SE_Final_Lab/main.py","version":7},"contentChanges":[{"range":{"start":{"line":1,"character":0},"end":{"line":2,"character":0}},"rangeLength":1,"text":""}]}}'
DEBUG:pygls.protocol:Notification message received.
DEBUG:pygls.protocol:Received b'Content-Length: 352\r\n\r\n'
DEBUG:pygls.protocol:Received b'{"jsonrpc":"2.0","id":4,"method":"workspace/executeCommand","params":{"command":"ACS-python.getSearchResults","arguments":["/home/manjunath/.config/Code/User/globalStorage/undefined_publisher.acspython",["findEqualElement","Find the first element of arr1 in arr2 .","Search","Search an item in an array .","search","Find a value in an array"],"find"]}}'
DEBUG:pygls.protocol:Request message received.
DEBUG:urllib3.connectionpool:Starting new HTTP connection (1): ec2-35-154-160-245.ap-south-1.compute.amazonaws.com:3000
DEBUG:urllib3.connectionpool:http://ec2-35-154-160-245.ap-south-1.compute.amazonaws.com:3000 "POST /search HTTP/1.1" 200 29
DEBUG:urllib3.connectionpool:Starting new HTTP connection (1): ec2-35-154-160-245.ap-south-1.compute.amazonaws.com:3000
DEBUG:urllib3.connectionpool:http://ec2-35-154-160-245.ap-south-1.compute.amazonaws.com:3000 "POST /search HTTP/1.1" 200 30
DEBUG:urllib3.connectionpool:Starting new HTTP connection (1): ec2-35-154-160-245.ap-south-1.compute.amazonaws.com:3000
DEBUG:urllib3.connectionpool:http://ec2-35-154-160-245.ap-south-1.compute.amazonaws.com:3000 "POST /search HTTP/1.1" 200 30
INFO:pygls.protocol:Sending data: {"jsonrpc": "2.0", "id": 4, "result": ["search", "Find a value in an array", "Search", "Search an item in an array .", "findEqualElement", "Find the first element of arr1 in arr2 ."]}
DEBUG:pygls.protocol:Received b'Content-Length: 334\r\n\r\n'
DEBUG:pygls.protocol:Received b'{"jsonrpc":"2.0","id":5,"method":"workspace/executeCommand","params":{"command":"ACS-python.getSearchResults","arguments":["/home/manjunath/.config/Code/User/globalStorage/undefined_publisher.acspython",["findEqualElement","No Definition Provided","Search","Search an item in an array .","search","Find a value in an array"],"find"]}}'
DEBUG:pygls.protocol:Request message received.
DEBUG:urllib3.connectionpool:Starting new HTTP connection (1): ec2-35-154-160-245.ap-south-1.compute.amazonaws.com:3000
DEBUG:urllib3.connectionpool:http://ec2-35-154-160-245.ap-south-1.compute.amazonaws.com:3000 "POST /search HTTP/1.1" 200 30
DEBUG:urllib3.connectionpool:Starting new HTTP connection (1): ec2-35-154-160-245.ap-south-1.compute.amazonaws.com:3000
DEBUG:urllib3.connectionpool:http://ec2-35-154-160-245.ap-south-1.compute.amazonaws.com:3000 "POST /search HTTP/1.1" 200 30
DEBUG:urllib3.connectionpool:Starting new HTTP connection (1): ec2-35-154-160-245.ap-south-1.compute.amazonaws.com:3000
DEBUG:urllib3.connectionpool:http://ec2-35-154-160-245.ap-south-1.compute.amazonaws.com:3000 "POST /search HTTP/1.1" 200 30
INFO:pygls.protocol:Sending data: {"jsonrpc": "2.0", "id": 5, "result": ["search", "Find a value in an array", "Search", "Search an item in an array .", "findEqualElement", "No Definition Provided"]}
DEBUG:pygls.protocol:Received b'Content-Length: 334\r\n\r\n{"jsonrpc":"2.0","id":6,"method":"workspace/executeCommand","params":{"command":"ACS-python.getSearchResults","arguments":["/home/manjunath/.config/Code/User/globalStorage/undefined_publisher.acspython",["findEqualElement","No Definition Provided","Search","Search an item in an array .","search","Find a value in an array"],"find"]}}'
DEBUG:pygls.protocol:Request message received.
DEBUG:urllib3.connectionpool:Starting new HTTP connection (1): ec2-35-154-160-245.ap-south-1.compute.amazonaws.com:3000
DEBUG:urllib3.connectionpool:http://ec2-35-154-160-245.ap-south-1.compute.amazonaws.com:3000 "POST /search HTTP/1.1" 200 30
DEBUG:urllib3.connectionpool:Starting new HTTP connection (1): ec2-35-154-160-245.ap-south-1.compute.amazonaws.com:3000
DEBUG:urllib3.connectionpool:http://ec2-35-154-160-245.ap-south-1.compute.amazonaws.com:3000 "POST /search HTTP/1.1" 200 30
DEBUG:urllib3.connectionpool:Starting new HTTP connection (1): ec2-35-154-160-245.ap-south-1.compute.amazonaws.com:3000
DEBUG:urllib3.connectionpool:http://ec2-35-154-160-245.ap-south-1.compute.amazonaws.com:3000 "POST /search HTTP/1.1" 200 30
INFO:pygls.protocol:Sending data: {"jsonrpc": "2.0", "id": 6, "result": ["search", "Find a value in an array", "Search", "Search an item in an array .", "findEqualElement", "No Definition Provided"]}
DEBUG:pygls.protocol:Received b'Content-Length: 249\r\n\r\n'
DEBUG:pygls.protocol:Received b'{"jsonrpc":"2.0","id":7,"method":"workspace/executeCommand","params":{"command":"ACS-python.fetchSummary","arguments":["def findEqualElement(arr1, arr2):\\n    for x in arr1:\\n        if index.Search(x, arr2):\\n            return x\\n    return -1"]}}'
DEBUG:pygls.protocol:Request message received.
DEBUG:urllib3.connectionpool:Starting new HTTP connection (1): ec2-35-154-160-245.ap-south-1.compute.amazonaws.com:3000
DEBUG:urllib3.connectionpool:http://ec2-35-154-160-245.ap-south-1.compute.amazonaws.com:3000 "POST /summary HTTP/1.1" 200 54
INFO:pygls.protocol:Sending data: {"jsonrpc": "2.0", "id": 7, "result": "Find the first element of arr1 in arr2 ."}
DEBUG:pygls.protocol:Received b'Content-Length: 358\r\n\r\n'
DEBUG:pygls.protocol:Received b'{"jsonrpc":"2.0","method":"textDocument/didChange","params":{"textDocument":{"uri":"file:///home/manjunath/Desktop/Competitive%20Programming/SE_Final_Lab/main.py","version":8},"contentChanges":[{"range":{"start":{"line":2,"character":0},"end":{"line":2,"character":0}},"rangeLength":0,"text":"\\"\\"\\"$\\nFind the first element of arr1 in arr2 .\\n$\\"\\"\\"\\n"}]}}'
DEBUG:pygls.protocol:Notification message received.
DEBUG:pygls.protocol:Received b'Content-Length: 352\r\n\r\n'
DEBUG:pygls.protocol:Received b'{"jsonrpc":"2.0","id":8,"method":"workspace/executeCommand","params":{"command":"ACS-python.getSearchResults","arguments":["/home/manjunath/.config/Code/User/globalStorage/undefined_publisher.acspython",["findEqualElement","Find the first element of arr1 in arr2 .","Search","Search an item in an array .","search","Find a value in an array"],"find"]}}'
DEBUG:pygls.protocol:Request message received.
DEBUG:urllib3.connectionpool:Starting new HTTP connection (1): ec2-35-154-160-245.ap-south-1.compute.amazonaws.com:3000
DEBUG:urllib3.connectionpool:http://ec2-35-154-160-245.ap-south-1.compute.amazonaws.com:3000 "POST /search HTTP/1.1" 200 29
DEBUG:urllib3.connectionpool:Starting new HTTP connection (1): ec2-35-154-160-245.ap-south-1.compute.amazonaws.com:3000
DEBUG:urllib3.connectionpool:http://ec2-35-154-160-245.ap-south-1.compute.amazonaws.com:3000 "POST /search HTTP/1.1" 200 30
DEBUG:urllib3.connectionpool:Starting new HTTP connection (1): ec2-35-154-160-245.ap-south-1.compute.amazonaws.com:3000
DEBUG:urllib3.connectionpool:http://ec2-35-154-160-245.ap-south-1.compute.amazonaws.com:3000 "POST /search HTTP/1.1" 200 30
INFO:pygls.protocol:Sending data: {"jsonrpc": "2.0", "id": 8, "result": ["search", "Find a value in an array", "Search", "Search an item in an array .", "findEqualElement", "Find the first element of arr1 in arr2 ."]}
ERROR:pygls.protocol:Connection to the client is lost! Shutting down the server.
INFO:pygls.server:Shutting down the server
INFO:pygls.server:Closing the event loop.
